easeUIDemo/build/outputs/logs/manifest-merger-release-report.txt
-- Merging decision tree log ---
manifest
ADDED from src/main/AndroidManifest.xml:2:1-450:12
	package
		ADDED from src/main/AndroidManifest.xml:3:5-32
		INJECTED from src/main/AndroidManifest.xml
		INJECTED from src/main/AndroidManifest.xml
	android:versionName
		ADDED from src/main/AndroidManifest.xml:5:5-32
		INJECTED from src/main/AndroidManifest.xml
		INJECTED from src/main/AndroidManifest.xml
	android:versionCode
		ADDED from src/main/AndroidManifest.xml:4:5-29
		INJECTED from src/main/AndroidManifest.xml
		INJECTED from src/main/AndroidManifest.xml
	xmlns:android
		ADDED from src/main/AndroidManifest.xml:2:11-69
uses-sdk
ADDED from src/main/AndroidManifest.xml:7:5-9:41
MERGED from [com.android.support:multidex:1.0.1] AndroidManifest.xml:18:5-42
MERGED from [mlwjapp:easeUI:unspecified] AndroidManifest.xml:7:5-9:41
MERGED from [com.android.support:support-v4:23.0.0] AndroidManifest.xml:20:5-43
MERGED from [com.android.support:appcompat-v7:21.0.0] AndroidManifest.xml:15:5-42
MERGED from [com.android.support:support-v4:23.0.0] AndroidManifest.xml:20:5-43
MERGED from [com.tencent.bugly:crashreport:2.1] AndroidManifest.xml:7:5-9:41
MERGED from [com.jakewharton:butterknife:8.0.1] AndroidManifest.xml:5:5-43
MERGED from [io.reactivex:rxandroid:1.2.0] AndroidManifest.xml:19:5-43
	android:targetSdkVersion
		ADDED from src/main/AndroidManifest.xml:9:9-38
		INJECTED from src/main/AndroidManifest.xml
		INJECTED from src/main/AndroidManifest.xml
	android:minSdkVersion
		ADDED from src/main/AndroidManifest.xml:8:9-34
		INJECTED from src/main/AndroidManifest.xml
		INJECTED from src/main/AndroidManifest.xml
uses-permission#android.permission.VIBRATE
ADDED from src/main/AndroidManifest.xml:11:5-66
	android:name
		ADDED from src/main/AndroidManifest.xml:11:22-63
uses-permission#android.permission.INTERNET
ADDED from src/main/AndroidManifest.xml:12:5-67
	android:name
		ADDED from src/main/AndroidManifest.xml:12:22-64
uses-permission#android.permission.RECORD_AUDIO
ADDED from src/main/AndroidManifest.xml:13:5-71
	android:name
		ADDED from src/main/AndroidManifest.xml:13:22-68
uses-permission#android.permission.CAMERA
ADDED from src/main/AndroidManifest.xml:14:5-65
	android:name
		ADDED from src/main/AndroidManifest.xml:14:22-62
uses-permission#android.permission.ACCESS_NETWORK_STATE
ADDED from src/main/AndroidManifest.xml:15:5-79
	android:name
		ADDED from src/main/AndroidManifest.xml:15:22-76
uses-permission#android.permission.WRITE_EXTERNAL_STORAGE
ADDED from src/main/AndroidManifest.xml:16:5-81
	android:name
		ADDED from src/main/AndroidManifest.xml:16:22-78
uses-permission#android.permission.MOUNT_UNMOUNT_FILESYSTEMS
ADDED from src/main/AndroidManifest.xml:17:5-84
	android:name
		ADDED from src/main/AndroidManifest.xml:17:22-81
uses-permission#android.permission.ACCESS_FINE_LOCATION
ADDED from src/main/AndroidManifest.xml:18:5-79
	android:name
		ADDED from src/main/AndroidManifest.xml:18:22-76
uses-permission#android.permission.GET_TASKS
ADDED from src/main/AndroidManifest.xml:19:5-68
	android:name
		ADDED from src/main/AndroidManifest.xml:19:22-65
uses-permission#android.permission.ACCESS_WIFI_STATE
ADDED from src/main/AndroidManifest.xml:20:5-76
	android:name
		ADDED from src/main/AndroidManifest.xml:20:22-73
uses-permission#android.permission.CHANGE_WIFI_STATE
ADDED from src/main/AndroidManifest.xml:21:5-76
	android:name
		ADDED from src/main/AndroidManifest.xml:21:22-73
uses-permission#android.permission.WAKE_LOCK
ADDED from src/main/AndroidManifest.xml:22:5-68
	android:name
		ADDED from src/main/AndroidManifest.xml:22:22-65
uses-permission#android.permission.MODIFY_AUDIO_SETTINGS
ADDED from src/main/AndroidManifest.xml:23:5-80
	android:name
		ADDED from src/main/AndroidManifest.xml:23:22-77
uses-permission#android.permission.READ_PHONE_STATE
ADDED from src/main/AndroidManifest.xml:24:5-75
	android:name
		ADDED from src/main/AndroidManifest.xml:24:22-72
uses-permission#android.permission.RECEIVE_BOOT_COMPLETED
ADDED from src/main/AndroidManifest.xml:25:5-81
	android:name
		ADDED from src/main/AndroidManifest.xml:25:22-78
uses-permission#android.permission.GET_ACCOUNTS
ADDED from src/main/AndroidManifest.xml:26:5-71
	android:name
		ADDED from src/main/AndroidManifest.xml:26:22-68
uses-permission#android.permission.USE_CREDENTIALS
ADDED from src/main/AndroidManifest.xml:27:5-74
	android:name
		ADDED from src/main/AndroidManifest.xml:27:22-71
uses-permission#android.permission.MANAGE_ACCOUNTS
ADDED from src/main/AndroidManifest.xml:28:5-74
	android:name
		ADDED from src/main/AndroidManifest.xml:28:22-71
uses-permission#android.permission.AUTHENTICATE_ACCOUNTS
ADDED from src/main/AndroidManifest.xml:29:5-80
	android:name
		ADDED from src/main/AndroidManifest.xml:29:22-77
uses-permission#com.android.launcher.permission.READ_SETTINGS
ADDED from src/main/AndroidManifest.xml:30:5-85
	android:name
		ADDED from src/main/AndroidManifest.xml:30:22-82
uses-permission#android.permission.BROADCAST_STICKY
ADDED from src/main/AndroidManifest.xml:31:5-75
	android:name
		ADDED from src/main/AndroidManifest.xml:31:22-72
uses-permission#android.permission.WRITE_SETTINGS
ADDED from src/main/AndroidManifest.xml:32:5-73
	android:name
		ADDED from src/main/AndroidManifest.xml:32:22-70
uses-permission#com.google.android.c2dm.permission.RECEIVE
ADDED from src/main/AndroidManifest.xml:33:5-82
	android:name
		ADDED from src/main/AndroidManifest.xml:33:22-79
uses-permission#android.permission.READ_LOGS
ADDED from src/main/AndroidManifest.xml:34:5-68
	android:name
		ADDED from src/main/AndroidManifest.xml:34:22-65
uses-permission#android.permission.CALL_PHONE
ADDED from src/main/AndroidManifest.xml:35:5-69
	android:name
		ADDED from src/main/AndroidManifest.xml:35:22-66
uses-permission#android.permission.ACCESS_COARSE_LOCATION
ADDED from src/main/AndroidManifest.xml:36:5-81
	android:name
		ADDED from src/main/AndroidManifest.xml:36:22-78
uses-permission#android.permission.SET_DEBUG_APP
ADDED from src/main/AndroidManifest.xml:37:5-72
	android:name
		ADDED from src/main/AndroidManifest.xml:37:22-69
uses-permission#android.permission.SYSTEM_ALERT_WINDOW
ADDED from src/main/AndroidManifest.xml:38:5-78
	android:name
		ADDED from src/main/AndroidManifest.xml:38:22-75
uses-permission#android.permission.READ_EXTERNAL_STORAGE
ADDED from src/main/AndroidManifest.xml:39:5-80
	android:name
		ADDED from src/main/AndroidManifest.xml:39:22-77
permission#com.mlxing.chatui.permission.C2D_MESSAGE
ADDED from src/main/AndroidManifest.xml:42:5-44:47
	android:protectionLevel
		ADDED from src/main/AndroidManifest.xml:44:9-44
	android:name
		ADDED from src/main/AndroidManifest.xml:43:9-64
uses-permission#com.mlxing.chatui.permission.C2D_MESSAGE
ADDED from src/main/AndroidManifest.xml:46:5-80
	android:name
		ADDED from src/main/AndroidManifest.xml:46:22-77
permission#com.mlxing.chatui.permission.MIPUSH_RECEIVE
ADDED from src/main/AndroidManifest.xml:48:5-50:47
	android:protectionLevel
		ADDED from src/main/AndroidManifest.xml:50:9-44
	android:name
		ADDED from src/main/AndroidManifest.xml:49:9-67
uses-permission#com.mlxing.chatui.permission.MIPUSH_RECEIVE
ADDED from src/main/AndroidManifest.xml:52:5-83
	android:name
		ADDED from src/main/AndroidManifest.xml:52:22-80
application
ADDED from src/main/AndroidManifest.xml:54:5-448:19
MERGED from [com.android.support:support-v4:23.0.0] AndroidManifest.xml:22:5-20
MERGED from [com.android.support:appcompat-v7:21.0.0] AndroidManifest.xml:16:5-19
MERGED from [com.android.support:support-v4:23.0.0] AndroidManifest.xml:22:5-20
	android:label
		ADDED from src/main/AndroidManifest.xml:59:9-41
	android:hardwareAccelerated
		ADDED from src/main/AndroidManifest.xml:57:9-43
	android:allowBackup
		ADDED from src/main/AndroidManifest.xml:56:9-35
	android:icon
		ADDED from src/main/AndroidManifest.xml:58:9-42
	android:largeHeap
		ADDED from src/main/AndroidManifest.xml:60:9-33
	android:theme
		ADDED from src/main/AndroidManifest.xml:61:9-40
	android:name
		ADDED from src/main/AndroidManifest.xml:55:9-40
meta-data#uz_version
ADDED from src/main/AndroidManifest.xml:62:9-64:37
	android:value
		ADDED from src/main/AndroidManifest.xml:64:13-34
	android:name
		ADDED from src/main/AndroidManifest.xml:63:13-38
activity#com.mlxing.chatui.ui.MainActivity
ADDED from src/main/AndroidManifest.xml:66:9-71:55
	android:screenOrientation
		ADDED from src/main/AndroidManifest.xml:69:13-49
	android:launchMode
		ADDED from src/main/AndroidManifest.xml:68:13-44
	android:windowSoftInputMode
		ADDED from src/main/AndroidManifest.xml:71:13-52
	android:theme
		ADDED from src/main/AndroidManifest.xml:70:13-52
	android:name
		ADDED from src/main/AndroidManifest.xml:67:13-44
activity#com.mlxing.chatui.ui.SplashActivity
ADDED from src/main/AndroidManifest.xml:74:9-83:20
	android:screenOrientation
		ADDED from src/main/AndroidManifest.xml:76:13-49
	android:theme
		ADDED from src/main/AndroidManifest.xml:77:13-52
	android:name
		ADDED from src/main/AndroidManifest.xml:75:13-46
intent-filter#android.intent.action.MAIN+android.intent.category.LAUNCHER
ADDED from src/main/AndroidManifest.xml:78:13-82:29
action#android.intent.action.MAIN
ADDED from src/main/AndroidManifest.xml:79:17-69
	android:name
		ADDED from src/main/AndroidManifest.xml:79:25-66
category#android.intent.category.LAUNCHER
ADDED from src/main/AndroidManifest.xml:81:17-77
	android:name
		ADDED from src/main/AndroidManifest.xml:81:27-74
activity#com.mlxing.chatui.daoyou.DaoYouMainActivity
ADDED from src/main/AndroidManifest.xml:84:9-86:34
	android:label
		ADDED from src/main/AndroidManifest.xml:86:13-31
	android:name
		ADDED from src/main/AndroidManifest.xml:85:13-54
activity#com.mlxing.chatui.ui.LoginActivity
ADDED from src/main/AndroidManifest.xml:89:9-94:55
	android:screenOrientation
		ADDED from src/main/AndroidManifest.xml:92:13-49
	android:launchMode
		ADDED from src/main/AndroidManifest.xml:91:13-43
	android:windowSoftInputMode
		ADDED from src/main/AndroidManifest.xml:94:13-52
	android:theme
		ADDED from src/main/AndroidManifest.xml:93:13-52
	android:name
		ADDED from src/main/AndroidManifest.xml:90:13-45
activity#com.mlxing.chatui.ui.RegisterActivity
ADDED from src/main/AndroidManifest.xml:97:9-101:71
	android:screenOrientation
		ADDED from src/main/AndroidManifest.xml:99:13-49
	android:windowSoftInputMode
		ADDED from src/main/AndroidManifest.xml:101:13-68
	android:theme
		ADDED from src/main/AndroidManifest.xml:100:13-52
	android:name
		ADDED from src/main/AndroidManifest.xml:98:13-48
activity#com.mlxing.chatui.ui.ChatActivity
ADDED from src/main/AndroidManifest.xml:103:9-108:58
	android:screenOrientation
		ADDED from src/main/AndroidManifest.xml:106:13-49
	android:launchMode
		ADDED from src/main/AndroidManifest.xml:105:13-44
	android:windowSoftInputMode
		ADDED from src/main/AndroidManifest.xml:108:13-55
	android:theme
		ADDED from src/main/AndroidManifest.xml:107:13-52
	android:name
		ADDED from src/main/AndroidManifest.xml:104:13-44
activity#com.mlxing.chatui.wxapi.WXEntryActivity
ADDED from src/main/AndroidManifest.xml:111:9-116:75
	android:screenOrientation
		ADDED from src/main/AndroidManifest.xml:115:13-49
	android:exported
		ADDED from src/main/AndroidManifest.xml:114:13-36
	android:configChanges
		ADDED from src/main/AndroidManifest.xml:113:13-74
	android:theme
		ADDED from src/main/AndroidManifest.xml:116:13-72
	android:name
		ADDED from src/main/AndroidManifest.xml:112:13-50
activity#com.easemob.applib.ui.ChatActivity
ADDED from src/main/AndroidManifest.xml:118:9-123:58
	android:screenOrientation
		ADDED from src/main/AndroidManifest.xml:121:13-49
	android:launchMode
		ADDED from src/main/AndroidManifest.xml:120:13-43
	android:windowSoftInputMode
		ADDED from src/main/AndroidManifest.xml:123:13-55
	android:theme
		ADDED from src/main/AndroidManifest.xml:122:13-52
	android:name
		ADDED from src/main/AndroidManifest.xml:119:13-62
activity#com.mlxing.chatui.ui.AddContactActivity
ADDED from src/main/AndroidManifest.xml:125:9-129:58
	android:screenOrientation
		ADDED from src/main/AndroidManifest.xml:127:13-49
	android:windowSoftInputMode
		ADDED from src/main/AndroidManifest.xml:129:13-55
	android:theme
		ADDED from src/main/AndroidManifest.xml:128:13-52
	android:name
		ADDED from src/main/AndroidManifest.xml:126:13-50
activity#com.mlxing.chatui.ui.GroupDetailsActivity
ADDED from src/main/AndroidManifest.xml:131:9-134:55
	android:screenOrientation
		ADDED from src/main/AndroidManifest.xml:133:13-49
	android:theme
		ADDED from src/main/AndroidManifest.xml:134:13-52
	android:name
		ADDED from src/main/AndroidManifest.xml:132:13-52
activity#com.mlxing.chatui.ui.GroupsActivity
ADDED from src/main/AndroidManifest.xml:136:9-140:55
	android:screenOrientation
		ADDED from src/main/AndroidManifest.xml:138:13-49
	android:windowSoftInputMode
		ADDED from src/main/AndroidManifest.xml:140:13-52
	android:theme
		ADDED from src/main/AndroidManifest.xml:139:13-52
	android:name
		ADDED from src/main/AndroidManifest.xml:137:13-46
activity#com.mlxing.chatui.ui.ChatRoomActivity
ADDED from src/main/AndroidManifest.xml:141:9-145:55
	android:screenOrientation
		ADDED from src/main/AndroidManifest.xml:143:13-49
	android:windowSoftInputMode
		ADDED from src/main/AndroidManifest.xml:145:13-52
	android:theme
		ADDED from src/main/AndroidManifest.xml:144:13-52
	android:name
		ADDED from src/main/AndroidManifest.xml:142:13-48
activity#com.mlxing.chatui.ui.ChatRoomDetailsActivity
ADDED from src/main/AndroidManifest.xml:147:9-150:55
	android:screenOrientation
		ADDED from src/main/AndroidManifest.xml:149:13-49
	android:theme
		ADDED from src/main/AndroidManifest.xml:150:13-52
	android:name
		ADDED from src/main/AndroidManifest.xml:148:13-55
activity#com.mlxing.chatui.ui.NewGroupActivity
ADDED from src/main/AndroidManifest.xml:153:9-157:55
	android:screenOrientation
		ADDED from src/main/AndroidManifest.xml:155:13-49
	android:windowSoftInputMode
		ADDED from src/main/AndroidManifest.xml:157:13-52
	android:theme
		ADDED from src/main/AndroidManifest.xml:156:13-52
	android:name
		ADDED from src/main/AndroidManifest.xml:154:13-48
activity#com.mlxing.chatui.ui.ExitGroupDialog
ADDED from src/main/AndroidManifest.xml:159:9-162:58
	android:screenOrientation
		ADDED from src/main/AndroidManifest.xml:161:13-49
	android:theme
		ADDED from src/main/AndroidManifest.xml:162:13-55
	android:name
		ADDED from src/main/AndroidManifest.xml:160:13-47
activity#com.mlxing.chatui.ui.GroupPickContactsActivity
ADDED from src/main/AndroidManifest.xml:164:9-168:55
	android:screenOrientation
		ADDED from src/main/AndroidManifest.xml:166:13-49
	android:windowSoftInputMode
		ADDED from src/main/AndroidManifest.xml:168:13-52
	android:theme
		ADDED from src/main/AndroidManifest.xml:167:13-52
	android:name
		ADDED from src/main/AndroidManifest.xml:165:13-57
activity#easeui.ui.EaseBaiduMapActivity
ADDED from src/main/AndroidManifest.xml:170:9-173:55
	android:screenOrientation
		ADDED from src/main/AndroidManifest.xml:172:13-49
	android:theme
		ADDED from src/main/AndroidManifest.xml:173:13-52
	android:name
		ADDED from src/main/AndroidManifest.xml:171:13-58
activity#com.mlxing.chatui.ui.NewFriendsMsgActivity
ADDED from src/main/AndroidManifest.xml:176:9-179:55
	android:screenOrientation
		ADDED from src/main/AndroidManifest.xml:178:13-49
	android:theme
		ADDED from src/main/AndroidManifest.xml:179:13-52
	android:name
		ADDED from src/main/AndroidManifest.xml:177:13-53
activity#com.mlxing.chatui.ui.ForwardMessageActivity
ADDED from src/main/AndroidManifest.xml:181:9-185:55
	android:screenOrientation
		ADDED from src/main/AndroidManifest.xml:183:13-49
	android:windowSoftInputMode
		ADDED from src/main/AndroidManifest.xml:185:13-52
	android:theme
		ADDED from src/main/AndroidManifest.xml:184:13-52
	android:name
		ADDED from src/main/AndroidManifest.xml:182:13-54
activity#com.mlxing.chatui.ui.ForwardMessageGroupActivity
ADDED from src/main/AndroidManifest.xml:186:9-190:55
	android:screenOrientation
		ADDED from src/main/AndroidManifest.xml:188:13-49
	android:windowSoftInputMode
		ADDED from src/main/AndroidManifest.xml:190:13-52
	android:theme
		ADDED from src/main/AndroidManifest.xml:189:13-52
	android:name
		ADDED from src/main/AndroidManifest.xml:187:13-59
activity#com.mlxing.chatui.ui.ContextMenuActivity
ADDED from src/main/AndroidManifest.xml:192:9-195:52
	android:screenOrientation
		ADDED from src/main/AndroidManifest.xml:194:13-49
	android:theme
		ADDED from src/main/AndroidManifest.xml:195:13-49
	android:name
		ADDED from src/main/AndroidManifest.xml:193:13-51
activity#easeui.ui.EaseShowBigImageActivity
ADDED from src/main/AndroidManifest.xml:197:9-200:55
	android:screenOrientation
		ADDED from src/main/AndroidManifest.xml:199:13-49
	android:theme
		ADDED from src/main/AndroidManifest.xml:200:13-52
	android:name
		ADDED from src/main/AndroidManifest.xml:198:13-62
activity#easeui.ui.EaseShowNormalFileActivity
ADDED from src/main/AndroidManifest.xml:202:9-205:55
	android:screenOrientation
		ADDED from src/main/AndroidManifest.xml:204:13-49
	android:theme
		ADDED from src/main/AndroidManifest.xml:205:13-52
	android:name
		ADDED from src/main/AndroidManifest.xml:203:13-64
activity#com.mlxing.chatui.ui.BlacklistActivity
ADDED from src/main/AndroidManifest.xml:207:9-210:55
	android:screenOrientation
		ADDED from src/main/AndroidManifest.xml:209:13-49
	android:theme
		ADDED from src/main/AndroidManifest.xml:210:13-52
	android:name
		ADDED from src/main/AndroidManifest.xml:208:13-49
activity#com.mlxing.chatui.ui.PublicGroupsActivity
ADDED from src/main/AndroidManifest.xml:213:9-217:55
	android:screenOrientation
		ADDED from src/main/AndroidManifest.xml:215:13-49
	android:windowSoftInputMode
		ADDED from src/main/AndroidManifest.xml:217:13-52
	android:theme
		ADDED from src/main/AndroidManifest.xml:216:13-52
	android:name
		ADDED from src/main/AndroidManifest.xml:214:13-52
activity#com.mlxing.chatui.ui.PublicChatRoomsActivity
ADDED from src/main/AndroidManifest.xml:218:9-222:55
	android:screenOrientation
		ADDED from src/main/AndroidManifest.xml:220:13-49
	android:windowSoftInputMode
		ADDED from src/main/AndroidManifest.xml:222:13-52
	android:theme
		ADDED from src/main/AndroidManifest.xml:221:13-52
	android:name
		ADDED from src/main/AndroidManifest.xml:219:13-55
activity#com.mlxing.chatui.ui.VoiceCallActivity
ADDED from src/main/AndroidManifest.xml:225:9-229:51
	android:screenOrientation
		ADDED from src/main/AndroidManifest.xml:228:13-49
	android:launchMode
		ADDED from src/main/AndroidManifest.xml:227:13-44
	android:theme
		ADDED from src/main/AndroidManifest.xml:229:13-48
	android:name
		ADDED from src/main/AndroidManifest.xml:226:13-49
activity#com.mlxing.chatui.ui.VideoCallActivity
ADDED from src/main/AndroidManifest.xml:231:9-236:55
	android:screenOrientation
		ADDED from src/main/AndroidManifest.xml:235:13-49
	android:launchMode
		ADDED from src/main/AndroidManifest.xml:234:13-44
	android:configChanges
		ADDED from src/main/AndroidManifest.xml:233:13-74
	android:theme
		ADDED from src/main/AndroidManifest.xml:236:13-52
	android:name
		ADDED from src/main/AndroidManifest.xml:232:13-49
activity#com.mlxing.chatui.ui.GroupSimpleDetailActivity
ADDED from src/main/AndroidManifest.xml:238:9-241:55
	android:screenOrientation
		ADDED from src/main/AndroidManifest.xml:240:13-49
	android:theme
		ADDED from src/main/AndroidManifest.xml:241:13-52
	android:name
		ADDED from src/main/AndroidManifest.xml:239:13-57
activity#com.mlxing.chatui.ui.GroupBlacklistActivity
ADDED from src/main/AndroidManifest.xml:243:9-246:55
	android:screenOrientation
		ADDED from src/main/AndroidManifest.xml:245:13-49
	android:theme
		ADDED from src/main/AndroidManifest.xml:246:13-52
	android:name
		ADDED from src/main/AndroidManifest.xml:244:13-54
activity#com.mlxing.chatui.ui.PublicGroupsSeachActivity
ADDED from src/main/AndroidManifest.xml:247:9-250:55
	android:screenOrientation
		ADDED from src/main/AndroidManifest.xml:249:13-49
	android:theme
		ADDED from src/main/AndroidManifest.xml:250:13-52
	android:name
		ADDED from src/main/AndroidManifest.xml:248:13-57
activity#com.mlxing.chatui.ui.EditActivity
ADDED from src/main/AndroidManifest.xml:251:9-255:58
	android:screenOrientation
		ADDED from src/main/AndroidManifest.xml:253:13-49
	android:windowSoftInputMode
		ADDED from src/main/AndroidManifest.xml:255:13-55
	android:theme
		ADDED from src/main/AndroidManifest.xml:254:13-52
	android:name
		ADDED from src/main/AndroidManifest.xml:252:13-44
activity#easeui.ui.EaseShowVideoActivity
ADDED from src/main/AndroidManifest.xml:256:9-260:63
	android:screenOrientation
		ADDED from src/main/AndroidManifest.xml:258:13-49
	android:windowSoftInputMode
		ADDED from src/main/AndroidManifest.xml:260:13-60
	android:theme
		ADDED from src/main/AndroidManifest.xml:259:13-52
	android:name
		ADDED from src/main/AndroidManifest.xml:257:13-59
activity#com.mlxing.chatui.ui.ImageGridActivity
ADDED from src/main/AndroidManifest.xml:262:9-266:63
	android:screenOrientation
		ADDED from src/main/AndroidManifest.xml:264:13-49
	android:windowSoftInputMode
		ADDED from src/main/AndroidManifest.xml:266:13-60
	android:theme
		ADDED from src/main/AndroidManifest.xml:265:13-52
	android:name
		ADDED from src/main/AndroidManifest.xml:263:13-49
activity#com.mlxing.chatui.ui.RecorderVideoActivity
ADDED from src/main/AndroidManifest.xml:267:9-271:63
	android:screenOrientation
		ADDED from src/main/AndroidManifest.xml:269:13-49
	android:windowSoftInputMode
		ADDED from src/main/AndroidManifest.xml:271:13-60
	android:theme
		ADDED from src/main/AndroidManifest.xml:270:13-52
	android:name
		ADDED from src/main/AndroidManifest.xml:268:13-53
activity#com.mlxing.chatui.ui.DiagnoseActivity
ADDED from src/main/AndroidManifest.xml:273:9-277:63
	android:screenOrientation
		ADDED from src/main/AndroidManifest.xml:275:13-49
	android:windowSoftInputMode
		ADDED from src/main/AndroidManifest.xml:277:13-60
	android:theme
		ADDED from src/main/AndroidManifest.xml:276:13-52
	android:name
		ADDED from src/main/AndroidManifest.xml:274:13-48
activity#com.mlxing.chatui.ui.OfflinePushNickActivity
ADDED from src/main/AndroidManifest.xml:280:9-284:63
	android:screenOrientation
		ADDED from src/main/AndroidManifest.xml:282:13-49
	android:windowSoftInputMode
		ADDED from src/main/AndroidManifest.xml:284:13-60
	android:theme
		ADDED from src/main/AndroidManifest.xml:283:13-52
	android:name
		ADDED from src/main/AndroidManifest.xml:281:13-55
activity#com.mlxing.chatui.ui.RobotsActivity
ADDED from src/main/AndroidManifest.xml:286:9-290:63
	android:screenOrientation
		ADDED from src/main/AndroidManifest.xml:288:13-49
	android:windowSoftInputMode
		ADDED from src/main/AndroidManifest.xml:290:13-60
	android:theme
		ADDED from src/main/AndroidManifest.xml:289:13-52
	android:name
		ADDED from src/main/AndroidManifest.xml:287:13-46
activity#com.mlxing.chatui.ui.UserProfileActivity
ADDED from src/main/AndroidManifest.xml:292:9-295:55
	android:screenOrientation
		ADDED from src/main/AndroidManifest.xml:294:13-49
	android:theme
		ADDED from src/main/AndroidManifest.xml:295:13-52
	android:name
		ADDED from src/main/AndroidManifest.xml:293:13-51
receiver#com.easemob.chat.StartServiceReceiver
ADDED from src/main/AndroidManifest.xml:298:9-305:20
	android:name
		ADDED from src/main/AndroidManifest.xml:298:19-71
intent-filter#android.intent.action.BOOT_COMPLETED+android.intent.action.QUICKBOOT_POWERON+android.intent.category.LAUNCHER
ADDED from src/main/AndroidManifest.xml:299:13-304:29
	android:priority
		ADDED from src/main/AndroidManifest.xml:299:28-51
action#android.intent.action.BOOT_COMPLETED
ADDED from src/main/AndroidManifest.xml:300:17-79
	android:name
		ADDED from src/main/AndroidManifest.xml:300:25-76
action#android.intent.action.QUICKBOOT_POWERON
ADDED from src/main/AndroidManifest.xml:301:17-82
	android:name
		ADDED from src/main/AndroidManifest.xml:301:25-79
receiver#com.easemob.chat.EMGCMBroadcastReceiver
ADDED from src/main/AndroidManifest.xml:308:9-317:20
	android:exported
		ADDED from src/main/AndroidManifest.xml:310:13-36
	android:permission
		ADDED from src/main/AndroidManifest.xml:311:13-73
	android:name
		ADDED from src/main/AndroidManifest.xml:309:13-67
intent-filter#com.easemob.chatuidemo+com.google.android.c2dm.intent.RECEIVE
ADDED from src/main/AndroidManifest.xml:312:13-316:29
action#com.google.android.c2dm.intent.RECEIVE
ADDED from src/main/AndroidManifest.xml:313:17-81
	android:name
		ADDED from src/main/AndroidManifest.xml:313:25-78
category#com.easemob.chatuidemo
ADDED from src/main/AndroidManifest.xml:315:17-67
	android:name
		ADDED from src/main/AndroidManifest.xml:315:27-64
service#com.easemob.chat.EMGCMListenerService
ADDED from src/main/AndroidManifest.xml:319:9-321:40
	android:exported
		ADDED from src/main/AndroidManifest.xml:321:13-37
	android:name
		ADDED from src/main/AndroidManifest.xml:320:13-65
receiver#com.mlxing.chatui.receiver.GCMPushBroadCast
ADDED from src/main/AndroidManifest.xml:323:9-331:20
	android:exported
		ADDED from src/main/AndroidManifest.xml:325:13-37
	android:name
		ADDED from src/main/AndroidManifest.xml:324:13-54
intent-filter#com.easemob.chatuidemo+com.easemob.sdk.push
ADDED from src/main/AndroidManifest.xml:326:13-330:29
action#com.easemob.sdk.push
ADDED from src/main/AndroidManifest.xml:327:17-63
	android:name
		ADDED from src/main/AndroidManifest.xml:327:25-60
meta-data#EASEMOB_APPKEY
ADDED from src/main/AndroidManifest.xml:336:9-338:46
	android:value
		ADDED from src/main/AndroidManifest.xml:338:13-43
	android:name
		ADDED from src/main/AndroidManifest.xml:337:13-42
service#com.easemob.chat.EMChatService
ADDED from src/main/AndroidManifest.xml:340:9-342:39
	android:exported
		ADDED from src/main/AndroidManifest.xml:342:13-36
	android:name
		ADDED from src/main/AndroidManifest.xml:341:13-58
receiver#com.easemob.chat.EMMonitorReceiver
ADDED from src/main/AndroidManifest.xml:344:9-355:20
	android:name
		ADDED from src/main/AndroidManifest.xml:344:19-68
intent-filter#android.intent.action.PACKAGE_REMOVED
ADDED from src/main/AndroidManifest.xml:345:13-349:29
action#android.intent.action.PACKAGE_REMOVED
ADDED from src/main/AndroidManifest.xml:346:17-80
	android:name
		ADDED from src/main/AndroidManifest.xml:346:25-77
data
ADDED from src/main/AndroidManifest.xml:348:17-50
	android:scheme
		ADDED from src/main/AndroidManifest.xml:348:23-47
intent-filter#android.intent.action.BOOT_COMPLETED+android.intent.action.USER_PRESENT
ADDED from src/main/AndroidManifest.xml:351:13-354:29
action#android.intent.action.USER_PRESENT
ADDED from src/main/AndroidManifest.xml:353:17-77
	android:name
		ADDED from src/main/AndroidManifest.xml:353:25-74
service#com.xiaomi.mipush.sdk.PushMessageHandler
ADDED from src/main/AndroidManifest.xml:358:9-361:39
	android:enabled
		ADDED from src/main/AndroidManifest.xml:360:13-35
	android:exported
		ADDED from src/main/AndroidManifest.xml:361:13-36
	android:name
		ADDED from src/main/AndroidManifest.xml:359:13-68
service#com.xiaomi.mipush.sdk.MessageHandleService
ADDED from src/main/AndroidManifest.xml:362:9-364:38
	android:enabled
		ADDED from src/main/AndroidManifest.xml:364:13-35
	android:name
		ADDED from src/main/AndroidManifest.xml:363:13-70
receiver#com.easemob.chat.EMMipushReceiver
ADDED from src/main/AndroidManifest.xml:366:9-378:20
	android:exported
		ADDED from src/main/AndroidManifest.xml:368:13-36
	android:name
		ADDED from src/main/AndroidManifest.xml:367:13-61
intent-filter#com.xiaomi.mipush.RECEIVE_MESSAGE
ADDED from src/main/AndroidManifest.xml:369:13-371:29
action#com.xiaomi.mipush.RECEIVE_MESSAGE
ADDED from src/main/AndroidManifest.xml:370:17-76
	android:name
		ADDED from src/main/AndroidManifest.xml:370:25-73
intent-filter#com.xiaomi.mipush.MESSAGE_ARRIVED
ADDED from src/main/AndroidManifest.xml:372:13-374:29
action#com.xiaomi.mipush.MESSAGE_ARRIVED
ADDED from src/main/AndroidManifest.xml:373:17-76
	android:name
		ADDED from src/main/AndroidManifest.xml:373:25-73
intent-filter#com.xiaomi.mipush.ERROR
ADDED from src/main/AndroidManifest.xml:375:13-377:29
action#com.xiaomi.mipush.ERROR
ADDED from src/main/AndroidManifest.xml:376:17-66
	android:name
		ADDED from src/main/AndroidManifest.xml:376:25-63
service#com.baidu.location.f
ADDED from src/main/AndroidManifest.xml:383:9-386:41
	android:enabled
		ADDED from src/main/AndroidManifest.xml:385:13-35
	android:process
		ADDED from src/main/AndroidManifest.xml:386:13-38
	android:name
		ADDED from src/main/AndroidManifest.xml:384:13-48
meta-data#UMENG_APPKEY
ADDED from src/main/AndroidManifest.xml:388:9-390:56
	android:value
		ADDED from src/main/AndroidManifest.xml:390:13-53
	android:name
		ADDED from src/main/AndroidManifest.xml:389:13-40
meta-data#UMENG_CHANNEL
ADDED from src/main/AndroidManifest.xml:391:9-393:39
	android:value
		ADDED from src/main/AndroidManifest.xml:393:13-36
	android:name
		ADDED from src/main/AndroidManifest.xml:392:13-41
meta-data#com.baidu.lbsapi.API_KEY
ADDED from src/main/AndroidManifest.xml:395:9-397:64
	android:value
		ADDED from src/main/AndroidManifest.xml:397:13-61
	android:name
		ADDED from src/main/AndroidManifest.xml:396:13-52
activity#com.mlxing.chatui.ui.GroupFragment
ADDED from src/main/AndroidManifest.xml:399:9-54
	android:name
		ADDED from src/main/AndroidManifest.xml:399:19-51
activity#com.mlxing.chatui.wxapi.WXPayEntryActivity
ADDED from src/main/AndroidManifest.xml:400:9-403:46
	android:launchMode
		ADDED from src/main/AndroidManifest.xml:403:13-43
	android:exported
		ADDED from src/main/AndroidManifest.xml:402:13-36
	android:name
		ADDED from src/main/AndroidManifest.xml:401:13-53
activity#com.mlxing.chatui.daoyou.utils.zxing.CaptureActivity
ADDED from src/main/AndroidManifest.xml:404:9-406:52
	android:screenOrientation
		ADDED from src/main/AndroidManifest.xml:406:13-49
	android:name
		ADDED from src/main/AndroidManifest.xml:405:13-63
activity#com.mlxing.chatui.daoyou.utils.zxing.CreatQrcodeActivity
ADDED from src/main/AndroidManifest.xml:407:9-409:52
	android:screenOrientation